Traceback (most recent call last):
  File "/home/ubuntu/RAF/ragas3/RAGAS/app.py", line 17, in <module>
    from src.pipeline import RAGPipeline, create_rag_pipeline
  File "/home/ubuntu/RAF/ragas3/RAGAS/src/__init__.py", line 14, in <module>
    from .models import ModelManager, create_model_manager
  File "/home/ubuntu/RAF/ragas3/RAGAS/src/models.py", line 16, in <module>
    from sentence_transformers import SentenceTransformer
  File "/home/ubuntu/RAF/ragas3/RAGAS/rag_env/lib/python3.10/site-packages/sentence_transformers/__init__.py", line 15, in <module>
    from sentence_transformers.cross_encoder import (
  File "/home/ubuntu/RAF/ragas3/RAGAS/rag_env/lib/python3.10/site-packages/sentence_transformers/cross_encoder/__init__.py", line 3, in <module>
    from .CrossEncoder import CrossEncoder
  File "/home/ubuntu/RAF/ragas3/RAGAS/rag_env/lib/python3.10/site-packages/sentence_transformers/cross_encoder/CrossEncoder.py", line 29, in <module>
    from sentence_transformers.cross_encoder.fit_mixin import FitMixin
  File "/home/ubuntu/RAF/ragas3/RAGAS/rag_env/lib/python3.10/site-packages/sentence_transformers/cross_encoder/fit_mixin.py", line 18, in <module>
    from sentence_transformers.cross_encoder.training_args import CrossEncoderTrainingArguments
  File "/home/ubuntu/RAF/ragas3/RAGAS/rag_env/lib/python3.10/site-packages/sentence_transformers/cross_encoder/training_args.py", line 3, in <module>
    from sentence_transformers.training_args import SentenceTransformerTrainingArguments
  File "/home/ubuntu/RAF/ragas3/RAGAS/rag_env/lib/python3.10/site-packages/sentence_transformers/training_args.py", line 11, in <module>
    from sentence_transformers.sampler import DefaultBatchSampler, MultiDatasetDefaultBatchSampler
  File "/home/ubuntu/RAF/ragas3/RAGAS/rag_env/lib/python3.10/site-packages/sentence_transformers/sampler.py", line 16, in <module>
    from datasets import Dataset
  File "/home/ubuntu/RAF/ragas3/RAGAS/rag_env/lib/python3.10/site-packages/datasets/__init__.py", line 17, in <module>
    from .arrow_dataset import Column, Dataset
  File "/home/ubuntu/RAF/ragas3/RAGAS/rag_env/lib/python3.10/site-packages/datasets/arrow_dataset.py", line 77, in <module>
    from .arrow_reader import ArrowReader
  File "/home/ubuntu/RAF/ragas3/RAGAS/rag_env/lib/python3.10/site-packages/datasets/arrow_reader.py", line 30, in <module>
    from .download.download_config import DownloadConfig  # noqa: F401
  File "/home/ubuntu/RAF/ragas3/RAGAS/rag_env/lib/python3.10/site-packages/datasets/download/__init__.py", line 9, in <module>
    from .download_manager import DownloadManager, DownloadMode
  File "/home/ubuntu/RAF/ragas3/RAGAS/rag_env/lib/python3.10/site-packages/datasets/download/download_manager.py", line 32, in <module>
    from ..utils.file_utils import (
  File "/home/ubuntu/RAF/ragas3/RAGAS/rag_env/lib/python3.10/site-packages/datasets/utils/file_utils.py", line 48, in <module>
    from aiohttp.client_exceptions import ClientError as _AiohttpClientError
  File "/home/ubuntu/RAF/ragas3/RAGAS/rag_env/lib/python3.10/site-packages/aiohttp/__init__.py", line 6, in <module>
    from .client import (
  File "/home/ubuntu/RAF/ragas3/RAGAS/rag_env/lib/python3.10/site-packages/aiohttp/client.py", line 40, in <module>
    from . import hdrs, http, payload
  File "/home/ubuntu/RAF/ragas3/RAGAS/rag_env/lib/python3.10/site-packages/aiohttp/http.py", line 7, in <module>
    from .http_parser import (
  File "/home/ubuntu/RAF/ragas3/RAGAS/rag_env/lib/python3.10/site-packages/aiohttp/http_parser.py", line 50, in <module>
    from .http_writer import HttpVersion, HttpVersion10
  File "/home/ubuntu/RAF/ragas3/RAGAS/rag_env/lib/python3.10/site-packages/aiohttp/http_writer.py", line 19, in <module>
    from .abc import AbstractStreamWriter
  File "<frozen importlib._bootstrap>", line 1027, in _find_and_load
  File "<frozen importlib._bootstrap>", line 1006, in _find_and_load_unlocked
  File "<frozen importlib._bootstrap>", line 701, in _load_unlocked
  File "<frozen importlib._bootstrap>", line 244, in _verbose_message
KeyboardInterrupt
